android_native/app/build/outputs/mapping/debug/seeds.txt
com.secretaryapp.MessagesActivity
com.secretaryapp.workers.UploadWorker
com.secretaryapp.api.ApiService
com.secretaryapp.model.TypingStatus
com.secretaryapp.api.RetrofitClient
com.secretaryapp.model.PrescriptionLicense
com.secretaryapp.DashboardActivity
com.secretaryapp.SettingsActivity
com.secretaryapp.model.PatientFile
com.secretaryapp.MessageDetailActivity
com.secretaryapp.model.Appointment
com.secretaryapp.PatientsActivity
com.secretaryapp.AppointmentDetailActivity
com.secretaryapp.model.MessageResponse
com.secretaryapp.ComposeMessageActivity
com.secretaryapp.api.LoginRequest
com.secretaryapp.model.UploadResponse
com.secretaryapp.api.SessionManager
com.secretaryapp.model.Recipient
com.secretaryapp.MainActivity
com.secretaryapp.model.UnreadCountResponse
com.secretaryapp.RemindersActivity
com.secretaryapp.PatientDetailActivity
com.secretaryapp.model.Message
com.secretaryapp.model.TypingRequest
com.secretaryapp.model.StatsResponse
com.secretaryapp.api.UpdatePaymentRequest
com.secretaryapp.SecretaryApp
com.secretaryapp.model.SendMessageRequest
com.secretaryapp.api.UpdateReasonRequest
com.secretaryapp.model.PatientDetailsResponse
com.secretaryapp.api.LoginResponse
com.secretaryapp.model.Patient
com.secretaryapp.api.UpdateStatusRequest
com.secretaryapp.model.Doctor
com.secretaryapp.PatientFilesActivity
com.secretaryapp.AppointmentsActivity
com.secretaryapp.model.PatientDetailsResponse: java.util.List assignedDoctors
com.secretaryapp.model.Patient: double total_debt
com.secretaryapp.api.LoginResponse: java.lang.String role
com.secretaryapp.model.PatientFile: java.lang.String file_url
com.secretaryapp.api.SessionManager: android.content.SharedPreferences prefs
com.secretaryapp.model.PatientDetailsResponse: java.lang.String next_suggested_prescription_date
com.secretaryapp.api.LoginResponse: java.lang.String username
com.secretaryapp.model.SendMessageRequest: java.lang.String subject
com.secretaryapp.api.LoginResponse: int user_id
com.secretaryapp.model.StatsResponse: int appointments_week
com.secretaryapp.model.Message: java.lang.String created_at
com.secretaryapp.model.Doctor: java.lang.Integer default_visit_interval_days
com.secretaryapp.model.Message: java.lang.String sender_name
com.secretaryapp.model.PatientDetailsResponse: int id
com.secretaryapp.model.PrescriptionLicense: java.lang.String doctor_name
com.secretaryapp.model.Appointment: java.lang.Integer patient_id
com.secretaryapp.model.SendMessageRequest: java.lang.Integer recipient_id
com.secretaryapp.model.Appointment: java.lang.String patient_name
com.secretaryapp.model.PatientDetailsResponse: java.lang.Integer behavior_rating
com.secretaryapp.model.PatientFile: int patient_id
com.secretaryapp.model.Doctor: int id
com.secretaryapp.model.Appointment: java.lang.String status
com.secretaryapp.api.LoginRequest: java.lang.String password
com.secretaryapp.model.PatientFile: java.lang.String uploader_name
com.secretaryapp.model.Doctor: java.lang.String specialty
com.secretaryapp.model.Recipient: java.lang.String username
com.secretaryapp.model.PatientFile: int id
com.secretaryapp.model.Message: java.lang.String message
com.secretaryapp.model.PatientDetailsResponse: java.lang.String license_expiry_date
com.secretaryapp.model.Patient: int user_id
com.secretaryapp.model.Appointment: java.lang.String doctor_name
com.secretaryapp.model.PatientDetailsResponse: java.lang.Integer prescription_interval_days
com.secretaryapp.model.Message: java.lang.String recipient_name
com.secretaryapp.model.PatientDetailsResponse: java.lang.Integer missed_appointments
com.secretaryapp.model.PatientDetailsResponse: java.util.List prescriptions
com.secretaryapp.api.RetrofitClient: com.secretaryapp.api.RetrofitClient INSTANCE
com.secretaryapp.api.SessionManager: java.lang.String username
com.secretaryapp.model.PrescriptionLicense: java.lang.Integer days
com.secretaryapp.model.PatientDetailsResponse: java.lang.Integer total_appointments
...
androidx.work.impl.background.systemalarm.ConstraintProxy$BatteryNotLowProxy
kotlinx.coroutines.flow.FlowKt__MergeKt
kotlinx.coroutines.sync.Semaphore
kotlinx.coroutines.InvokeOnCancelling
kotlinx.coroutines.sync.MutexImpl$CancellableContinuationWithOwner$resume$2
okhttp3.logging.HttpLoggingInterceptor$Logger$Companion
kotlinx.coroutines.flow.FlowKt__LimitKt$take$$inlined$unsafeFlow$1$1
kotlinx.coroutines.android.HandlerContext$scheduleResumeAfterDelay$1
kotlinx.coroutines.flow.FlowKt__TransformKt$onEach$$inlined$unsafeTransform$1$2
okhttp3.Route
kotlinx.coroutines.flow.internal.CombineKt$zipImpl$1$1$1
okhttp3.internal.connection.RealConnection$newWebSocketStreams$1
kotlinx.coroutines.flow.FlowKt__BuildersKt$asFlow$$inlined$unsafeFlow$4
okhttp3.internal.http2.Http2Connection$pushResetLater$$inlined$execute$default$1
kotlinx.coroutines.flow.FlowKt__LimitKt$collectWhile$collector$1
kotlinx.coroutines.CoroutineStart$WhenMappings
com.google.gson.ExclusionStrategy
kotlinx.coroutines.flow.FlowKt__ZipKt$combineTransform$$inlined$combineTransformUnsafe$FlowKt__ZipKt$5
kotlinx.coroutines.channels.ChannelSegment
kotlinx.coroutines.future.ContinuationHandler
kotlinx.coroutines.channels.ProducerScope$DefaultImpls
kotlinx.coroutines.flow.SafeFlow
okhttp3.internal.platform.android.AndroidLogKt
com.google.gson.internal.UnsafeAllocator$4
kotlinx.coroutines.JobSupport$Finishing
okhttp3.internal.cache2.Relay
okhttp3.internal.http2.Hpack$Writer
okhttp3.internal.http2.Http2Connection$sendDegradedPingLater$$inlined$execute$default$1
kotlinx.coroutines.scheduling.CoroutineScheduler$WorkerState
kotlinx.coroutines.selects.OnTimeoutKt
kotlinx.coroutines.scheduling.CoroutineSchedulerKt
kotlinx.coroutines.debug.internal.DebugProbesImpl$dumpCoroutinesSynchronized$2
com.google.android.material.internal.BaselineLayout
kotlinx.coroutines.flow.FlowKt__CollectKt$collect$3$emit$1
kotlinx.coroutines.flow.FlowKt__BuildersKt$asFlow$$inlined$unsafeFlow$8
okhttp3.internal.http2.Http2Stream
okhttp3.internal.platform.OpenJSSEPlatform$Companion
com.google.gson.internal.JavaVersion
kotlinx.coroutines.flow.FlowKt__EmittersKt$transform$1$1
kotlinx.coroutines.CompletionStateKt
okhttp3.internal.tls.CertificateChainCleaner$Companion
okhttp3.internal.ws.WebSocketReader$FrameCallback
kotlinx.coroutines.JobSupport$SelectOnAwaitCompletionHandler
kotlinx.coroutines.channels.ProducerCoroutine
kotlinx.coroutines.flow.FlowKt__BuildersKt$asFlow$$inlined$unsafeFlow$7
okhttp3.Handshake$peerCertificates$2
okhttp3.internal.platform.android.DeferredSocketAdapter
kotlinx.coroutines.flow.internal.SafeCollector_commonKt$unsafeFlow$1$collect$1
kotlinx.coroutines.ThreadContextElement
retrofit2.Invocation
okhttp3.internal.platform.android.AndroidSocketAdapter$Companion$factory$1
kotlinx.coroutines.channels.ProduceKt$awaitClose$2
kotlinx.coroutines.Unconfined
com.google.gson.internal.ConstructorConstructor$5
androidx.activity.ComponentActivity$3
com.google.gson.internal.bind.TimeTypeAdapter$1
com.google.gson.internal.bind.JsonTreeWriter
kotlinx.coroutines.internal.LockFreeTaskQueueCore$Companion
kotlinx.coroutines.Job
okhttp3.internal.connection.RouteSelector$Selection
okhttp3.Cookie$Companion
okhttp3.internal.http2.Http2Connection$Listener$Companion
com.google.gson.internal.LinkedTreeMap$EntrySet$1
com.google.gson.JsonDeserializationContext
retrofit2.CompletableFutureCallAdapterFactory
kotlinx.coroutines.flow.FlowKt__EmittersKt$unsafeTransform$$inlined$unsafeFlow$1$1
okhttp3.internal.http2.Hpack$Reader
okhttp3.internal.ws.RealWebSocket$WriterTask
kotlinx.coroutines.selects.UnbiasedSelectBuilderImpl
kotlinx.coroutines.flow.FlowKt__ZipKt$combine$$inlined$combineUnsafe$FlowKt__ZipKt$3
androidx.work.WorkerParameters
retrofit2.BuiltInConverters$UnitResponseBodyConverter
kotlinx.coroutines.flow.FlowKt__CollectKt$collectIndexed$2$emit$1
kotlinx.coroutines.flow.internal.ChannelFlowMerge$collectTo$2$1
kotlinx.coroutines.selects.SelectImplementation$ClauseData
kotlinx.coroutines.selects.SelectClause1