android_native/app/build/outputs/mapping/debug/mapping.txt
# compiler: R8
# compiler_version: 8.2.33
# min_api: 26
# common_typos_disable
# {"id":"com.android.tools.r8.mapping","version":"2.2"}
# pg_map_id: deca746
# pg_map_hash: SHA-256 deca74664c8f004e7d68ffa249f09587d3b172106f9d19a7c650151766a93f4e
com.secretaryapp.AppointmentDetailActivity -> com.secretaryapp.AppointmentDetailActivity:
# {"id":"sourceFile","fileName":"AppointmentDetailActivity.kt"}
    0:0:void $r8$lambda$8rVpxsHIWzYVhVEJlaYf-8p8X-Y(com.secretaryapp.AppointmentDetailActivity,android.view.View) -> $r8$lambda$8rVpxsHIWzYVhVEJlaYf-8p8X-Y
      # {"id":"com.android.tools.r8.synthesized"}
    0:0:void $r8$lambda$IcTGxi1H4XZhMov5N7-UFTSsnjo(com.secretaryapp.AppointmentDetailActivity,android.view.View) -> $r8$lambda$IcTGxi1H4XZhMov5N7-UFTSsnjo
      # {"id":"com.android.tools.r8.synthesized"}
    0:0:void $r8$lambda$Uh-I0cyRn1ak8SOY6rsINXJB39w(com.secretaryapp.AppointmentDetailActivity,android.view.View) -> $r8$lambda$Uh-I0cyRn1ak8SOY6rsINXJB39w
      # {"id":"com.android.tools.r8.synthesized"}
    0:0:void $r8$lambda$eUfXvb8BixEflvD5-9rBA995YK4(android.widget.EditText,com.secretaryapp.AppointmentDetailActivity,android.view.View) -> $r8$lambda$eUfXvb8BixEflvD5-9rBA995YK4
      # {"id":"com.android.tools.r8.synthesized"}
    0:0:void $r8$lambda$jgeilZXV87vdV6AR_PUHshqVUX0(com.secretaryapp.AppointmentDetailActivity,android.view.View) -> $r8$lambda$jgeilZXV87vdV6AR_PUHshqVUX0
      # {"id":"com.android.tools.r8.synthesized"}
    0:0:void $r8$lambda$lwHlo7YgBbFlnEWDA9BWCAX6nMQ(com.secretaryapp.AppointmentDetailActivity,android.view.View) -> $r8$lambda$lwHlo7YgBbFlnEWDA9BWCAX6nMQ
      # {"id":"com.android.tools.r8.synthesized"}
com.secretaryapp.AppointmentDetailActivity$$ExternalSyntheticLambda0 -> com.secretaryapp.AppointmentDetailActivity$$ExternalSyntheticLambda0:
# {"id":"sourceFile","fileName":"R8$$SyntheticClass"}
# {"id":"com.android.tools.r8.synthesized"}
    android.widget.EditText com.secretaryapp.AppointmentDetailActivity$$InternalSyntheticLambda$1$9107e08ebd28e1e115ba02b7cd24caf7ae12f03d8186d46a2ab124df3cdfd58d$0.f$0 -> f$0
      # {"id":"com.android.tools.r8.synthesized"}
    com.secretaryapp.AppointmentDetailActivity com.secretaryapp.AppointmentDetailActivity$$InternalSyntheticLambda$1$9107e08ebd28e1e115ba02b7cd24caf7ae12f03d8186d46a2ab124df3cdfd58d$0.f$1 -> f$1
      # {"id":"com.android.tools.r8.synthesized"}
    0:0:void com.secretaryapp.AppointmentDetailActivity$$InternalSyntheticLambda$1$9107e08ebd28e1e115ba02b7cd24caf7ae12f03d8186d46a2ab124df3cdfd58d$0.<init>(android.widget.EditText,com.secretaryapp.AppointmentDetailActivity) -> <init>
      # {"id":"com.android.tools.r8.synthesized"}
    0:0:void com.secretaryapp.AppointmentDetailActivity$$InternalSyntheticLambda$1$9107e08ebd28e1e115ba02b7cd24caf7ae12f03d8186d46a2ab124df3cdfd58d$0.onClick(android.view.View) -> onClick
      # {"id":"com.android.tools.r8.synthesized"}
com.secretaryapp.AppointmentDetailActivity$$ExternalSyntheticLambda1 -> com.secretaryapp.AppointmentDetailActivity$$ExternalSyntheticLambda1:
# {"id":"sourceFile","fileName":"R8$$SyntheticClass"}
# {"id":"com.android.tools.r8.synthesized"}
    com.secretaryapp.AppointmentDetailActivity com.secretaryapp.AppointmentDetailActivity$$InternalSyntheticLambda$1$9107e08ebd28e1e115ba02b7cd24caf7ae12f03d8186d46a2ab124df3cdfd58d$1.f$0 -> f$0
      # {"id":"com.android.tools.r8.synthesized"}
    0:0:void com.secretaryapp.AppointmentDetailActivity$$InternalSyntheticLambda$1$9107e08ebd28e1e115ba02b7cd24caf7ae12f03d8186d46a2ab124df3cdfd58d$1.<init>(com.secretaryapp.AppointmentDetailActivity) -> <init>
      # {"id":"com.android.tools.r8.synthesized"}
    0:0:void com.secretaryapp.AppointmentDetailActivity$$InternalSyntheticLambda$1$9107e08ebd28e1e115ba02b7cd24caf7ae12f03d8186d46a2ab124df3cdfd58d$1.onClick(android.view.View) -> onClick
      # {"id":"com.android.tools.r8.synthesized"}
...
androidx.work.impl.model.WorkSpecDao_Impl$6 -> androidx.work.impl.model.WorkSpecDao_Impl$6:
# {"id":"sourceFile","fileName":"WorkSpecDao_Impl.java"}
    281:281:void <init>(androidx.work.impl.model.WorkSpecDao_Impl,androidx.room.RoomDatabase) -> <init>
    284:284:java.lang.String createQuery() -> createQuery
    285:285:java.lang.String createQuery() -> createQuery
androidx.work.impl.model.WorkSpecDao_Impl$7 -> androidx.work.impl.model.WorkSpecDao_Impl$7:
# {"id":"sourceFile","fileName":"WorkSpecDao_Impl.java"}
    288:288:void <init>(androidx.work.impl.model.WorkSpecDao_Impl,androidx.room.RoomDatabase) -> <init>
    291:291:java.lang.String createQuery() -> createQuery
    292:292:java.lang.String createQuery() -> createQuery
androidx.work.impl.model.WorkSpecDao_Impl$8 -> androidx.work.impl.model.WorkSpecDao_Impl$8:
# {"id":"sourceFile","fileName":"WorkSpecDao_Impl.java"}
    295:295:void <init>(androidx.work.impl.model.WorkSpecDao_Impl,androidx.room.RoomDatabase) -> <init>
    298:298:java.lang.String createQuery() -> createQuery
    299:299:java.lang.String createQuery() -> createQuery
androidx.work.impl.model.WorkSpecDao_Impl$9 -> androidx.work.impl.model.WorkSpecDao_Impl$9:
# {"id":"sourceFile","fileName":"WorkSpecDao_Impl.java"}
    302:302:void <init>(androidx.work.impl.model.WorkSpecDao_Impl,androidx.room.RoomDatabase) -> <init>
    305:305:java.lang.String createQuery() -> createQuery
    306:306:java.lang.String createQuery() -> createQuery
androidx.work.impl.model.WorkSpecKt -> androidx.work.impl.model.WorkSpecKt:
# {"id":"sourceFile","fileName":"WorkSpec.kt"}
    541:541:androidx.work.impl.model.WorkGenerationalId generationalId(androidx.work.impl.model.WorkSpec) -> generationalId
androidx.work.impl.model.WorkTag -> androidx.work.impl.model.WorkTag:
# {"id":"sourceFile","fileName":"WorkTag.kt"}
    28:28:void <init>(java.lang.String,java.lang.String) -> <init>
    40:40:void <init>(java.lang.String,java.lang.String) -> <init>
    41:41:void <init>(java.lang.String,java.lang.String) -> <init>
    43:43:void <init>(java.lang.String,java.lang.String) -> <init>
    42:42:java.lang.String getTag() -> getTag
    44:44:java.lang.String getWorkSpecId() -> getWorkSpecId
androidx.work.impl.model.WorkTagDao -> androidx.work.impl.model.WorkTagDao:
# {"id":"sourceFile","fileName":"WorkTagDao.kt"}
    23:23:void access$insertTags$jd(androidx.work.impl.model.WorkTagDao,java.lang.String,java.util.Set) -> access$insertTags$jd
    64:64:void insertTags(java.lang.String,java.util.Set) -> insertTags
    65:65:void insertTags(java.lang.String,java.util.Set) -> insertTags
    1855:1855:void kotlin.collections.CollectionsKt___CollectionsKt.forEach(java.lang.Iterable,kotlin.jvm.functions.Function1) -> insertTags
    1855:1855:void insertTags(java.lang.String,java.util.Set):64 -> insertTags
    1856:1856:void kotlin.collections.CollectionsKt___CollectionsKt.forEach(java.lang.Iterable,kotlin.jvm.functions.Function1) -> insertTags
    1856:1856:void insertTags(java.lang.String,java.util.Set):64 -> insertTags
androidx.work.impl.model.WorkTagDao$DefaultImpls -> androidx.work.impl.model.WorkTagDao$DefaultImpls:
# {"id":"sourceFile","fileName":"WorkTagDao.kt"}
    63:63:void insertTags(androidx.work.impl.model.WorkTagDao,java.lang.String,java.util.Set) -> insertTags
    65:65:void insertTags(androidx.work.impl.model.WorkTagDao,java.lang.String,java.util.Set) -> insertTags